<?xml version="1.0" encoding="UTF-8"?>
<testng-results total="9" passed="9" failed="0" skipped="0">
  <reporter-output>
  </reporter-output>
  <suite started-at="2024-08-15T19:05:13Z" name="Test Suite for Buildout" finished-at="2024-08-15T19:05:46Z" duration-ms="33621">
    <groups>
    </groups>
    <test started-at="2024-08-15T19:05:13Z" name="Test Cases for Buildout" finished-at="2024-08-15T19:05:46Z" duration-ms="33621">
      <class name="demo.TestCases">
        <test-method is-config="true" signature="startBrowser()[pri:0, instance:demo.TestCases@27d4a09]" started-at="2024-08-16T00:35:13Z" name="startBrowser" finished-at="2024-08-16T00:35:15Z" duration-ms="2132" status="PASS">
          <reporter-output>
          </reporter-output>
        </test-method> <!-- startBrowser -->
        <test-method signature="testCase01()[pri:0, instance:demo.TestCases@27d4a09]" started-at="2024-08-16T00:35:15Z" name="testCase01" finished-at="2024-08-16T00:35:23Z" duration-ms="7692" status="PASS">
          <reporter-output>
          </reporter-output>
        </test-method> <!-- testCase01 -->
        <test-method signature="testCase02()[pri:0, instance:demo.TestCases@27d4a09]" started-at="2024-08-16T00:35:23Z" name="testCase02" finished-at="2024-08-16T00:35:27Z" duration-ms="4144" status="PASS">
          <reporter-output>
          </reporter-output>
        </test-method> <!-- testCase02 -->
        <test-method signature="testCase03()[pri:0, instance:demo.TestCases@27d4a09]" started-at="2024-08-16T00:35:27Z" name="testCase03" finished-at="2024-08-16T00:35:29Z" duration-ms="2060" status="PASS">
          <reporter-output>
          </reporter-output>
        </test-method> <!-- testCase03 -->
        <test-method signature="testCase04()[pri:0, instance:demo.TestCases@27d4a09]" started-at="2024-08-16T00:35:29Z" name="testCase04" finished-at="2024-08-16T00:35:35Z" duration-ms="6151" status="PASS">
          <reporter-output>
          </reporter-output>
        </test-method> <!-- testCase04 -->
        <test-method signature="testCase05()[pri:0, instance:demo.TestCases@27d4a09]" started-at="2024-08-16T00:35:35Z" name="testCase05" finished-at="2024-08-16T00:35:37Z" duration-ms="2213" status="PASS">
          <reporter-output>
          </reporter-output>
        </test-method> <!-- testCase05 -->
        <test-method signature="testCase06()[pri:0, instance:demo.TestCases@27d4a09]" started-at="2024-08-16T00:35:37Z" name="testCase06" finished-at="2024-08-16T00:35:39Z" duration-ms="2080" status="PASS">
          <reporter-output>
          </reporter-output>
        </test-method> <!-- testCase06 -->
        <test-method signature="testCase07()[pri:0, instance:demo.TestCases@27d4a09]" started-at="2024-08-16T00:35:39Z" name="testCase07" finished-at="2024-08-16T00:35:41Z" duration-ms="2144" status="PASS">
          <reporter-output>
          </reporter-output>
        </test-method> <!-- testCase07 -->
        <test-method signature="testCase8()[pri:0, instance:demo.TestCases@27d4a09]" started-at="2024-08-16T00:35:41Z" name="testCase8" finished-at="2024-08-16T00:35:46Z" duration-ms="4855" status="PASS">
          <reporter-output>
          </reporter-output>
        </test-method> <!-- testCase8 -->
        <test-method signature="testCase9()[pri:0, instance:demo.TestCases@27d4a09]" started-at="2024-08-16T00:35:46Z" name="testCase9" finished-at="2024-08-16T00:35:46Z" duration-ms="33" status="PASS">
          <reporter-output>
          </reporter-output>
        </test-method> <!-- testCase9 -->
        <test-method is-config="true" signature="endTest()[pri:0, instance:demo.TestCases@27d4a09]" started-at="2024-08-16T00:35:46Z" name="endTest" finished-at="2024-08-16T00:35:46Z" duration-ms="107" status="PASS">
          <reporter-output>
          </reporter-output>
        </test-method> <!-- endTest -->
      </class> <!-- demo.TestCases -->
    </test> <!-- Test Cases for Buildout -->
  </suite> <!-- Test Suite for Buildout -->
</testng-results>
